time="2024-12-14T13:11:55+01:00" level=info msg="========================================"
time="2024-12-14T13:11:55+01:00" level=info msg="       HMAC File Server Information      "
time="2024-12-14T13:11:55+01:00" level=info msg="========================================"
time="2024-12-14T13:11:55+01:00" level=info msg="Operating System: linux"
time="2024-12-14T13:11:55+01:00" level=info msg="Architecture: amd64"
time="2024-12-14T13:11:55+01:00" level=info msg="Number of CPUs: 8"
time="2024-12-14T13:11:55+01:00" level=info msg="Go Version: go1.22.0"
time="2024-12-14T13:11:55+01:00" level=info msg="Total Memory: 15684 MB"
time="2024-12-14T13:11:55+01:00" level=info msg="Used Memory: 6715 MB (22.60%)"
time="2024-12-14T13:11:55+01:00" level=info msg="CPU Model: Intel(R) Core(TM) i7-10510U CPU @ 1.80GHz"
time="2024-12-14T13:11:55+01:00" level=info msg="CPU Cores: 8"
time="2024-12-14T13:11:55+01:00" level=info msg="Disk Mountpoint: /, Total: 465 GB, Used: 381 GB (86.31%), Free: 60 GB"
time="2024-12-14T13:11:55+01:00" level=info msg="Disk Mountpoint: /snap/backupz/6, Total: 0 GB, Used: 0 GB (100.00%), Free: 0 GB"
time="2024-12-14T13:11:55+01:00" level=info msg="Disk Mountpoint: /snap/brave/460, Total: 0 GB, Used: 0 GB (100.00%), Free: 0 GB"
time="2024-12-14T13:11:55+01:00" level=info msg="Disk Mountpoint: /snap/bare/5, Total: 0 GB, Used: 0 GB (100.00%), Free: 0 GB"
time="2024-12-14T13:11:55+01:00" level=info msg="Disk Mountpoint: /snap/brave/462, Total: 0 GB, Used: 0 GB (100.00%), Free: 0 GB"
time="2024-12-14T13:11:55+01:00" level=info msg="Disk Mountpoint: /snap/cameractrls/35, Total: 0 GB, Used: 0 GB (100.00%), Free: 0 GB"
time="2024-12-14T13:11:55+01:00" level=info msg="Disk Mountpoint: /snap/cameractrls/34, Total: 0 GB, Used: 0 GB (100.00%), Free: 0 GB"
time="2024-12-14T13:11:55+01:00" level=info msg="Disk Mountpoint: /snap/canonical-livepatch/282, Total: 0 GB, Used: 0 GB (100.00%), Free: 0 GB"
time="2024-12-14T13:11:55+01:00" level=info msg="Disk Mountpoint: /snap/canonical-livepatch/286, Total: 0 GB, Used: 0 GB (100.00%), Free: 0 GB"
time="2024-12-14T13:11:55+01:00" level=info msg="Disk Mountpoint: /snap/cmake/1429, Total: 0 GB, Used: 0 GB (100.00%), Free: 0 GB"
time="2024-12-14T13:11:55+01:00" level=info msg="Disk Mountpoint: /snap/cmake/1433, Total: 0 GB, Used: 0 GB (100.00%), Free: 0 GB"
time="2024-12-14T13:11:55+01:00" level=info msg="Disk Mountpoint: /snap/core18/2829, Total: 0 GB, Used: 0 GB (100.00%), Free: 0 GB"
time="2024-12-14T13:11:55+01:00" level=info msg="Disk Mountpoint: /snap/core/17200, Total: 0 GB, Used: 0 GB (100.00%), Free: 0 GB"
time="2024-12-14T13:11:55+01:00" level=info msg="Disk Mountpoint: /snap/core18/2846, Total: 0 GB, Used: 0 GB (100.00%), Free: 0 GB"
time="2024-12-14T13:11:55+01:00" level=info msg="Disk Mountpoint: /snap/core20/2434, Total: 0 GB, Used: 0 GB (100.00%), Free: 0 GB"
time="2024-12-14T13:11:55+01:00" level=info msg="Disk Mountpoint: /snap/core20/2379, Total: 0 GB, Used: 0 GB (100.00%), Free: 0 GB"
time="2024-12-14T13:11:55+01:00" level=info msg="Disk Mountpoint: /snap/core22/1722, Total: 0 GB, Used: 0 GB (100.00%), Free: 0 GB"
time="2024-12-14T13:11:55+01:00" level=info msg="Disk Mountpoint: /snap/core24/490, Total: 0 GB, Used: 0 GB (100.00%), Free: 0 GB"
time="2024-12-14T13:11:55+01:00" level=info msg="Disk Mountpoint: /snap/core24/609, Total: 0 GB, Used: 0 GB (100.00%), Free: 0 GB"
time="2024-12-14T13:11:55+01:00" level=info msg="Disk Mountpoint: /snap/core22/1663, Total: 0 GB, Used: 0 GB (100.00%), Free: 0 GB"
time="2024-12-14T13:11:55+01:00" level=info msg="Disk Mountpoint: /snap/drawio/228, Total: 0 GB, Used: 0 GB (100.00%), Free: 0 GB"
time="2024-12-14T13:11:55+01:00" level=info msg="Disk Mountpoint: /snap/drawio/230, Total: 0 GB, Used: 0 GB (100.00%), Free: 0 GB"
time="2024-12-14T13:11:55+01:00" level=info msg="Disk Mountpoint: /snap/dynahack/32, Total: 0 GB, Used: 0 GB (100.00%), Free: 0 GB"
time="2024-12-14T13:11:55+01:00" level=info msg="Disk Mountpoint: /snap/duplicity/517, Total: 0 GB, Used: 0 GB (100.00%), Free: 0 GB"
time="2024-12-14T13:11:55+01:00" level=info msg="Disk Mountpoint: /snap/firefox/5361, Total: 0 GB, Used: 0 GB (100.00%), Free: 0 GB"
time="2024-12-14T13:11:55+01:00" level=info msg="Disk Mountpoint: /snap/duplicity/513, Total: 0 GB, Used: 0 GB (100.00%), Free: 0 GB"
time="2024-12-14T13:11:55+01:00" level=info msg="Disk Mountpoint: /snap/firefox/5437, Total: 0 GB, Used: 0 GB (100.00%), Free: 0 GB"
time="2024-12-14T13:11:55+01:00" level=info msg="Disk Mountpoint: /snap/firmware-updater/127, Total: 0 GB, Used: 0 GB (100.00%), Free: 0 GB"
time="2024-12-14T13:11:55+01:00" level=info msg="Disk Mountpoint: /snap/firmware-updater/147, Total: 0 GB, Used: 0 GB (100.00%), Free: 0 GB"
time="2024-12-14T13:11:55+01:00" level=info msg="Disk Mountpoint: /snap/gaming-graphics-core22/166, Total: 0 GB, Used: 0 GB (100.00%), Free: 0 GB"
time="2024-12-14T13:11:55+01:00" level=info msg="Disk Mountpoint: /snap/gaming-graphics-core22/184, Total: 0 GB, Used: 0 GB (100.00%), Free: 0 GB"
time="2024-12-14T13:11:55+01:00" level=info msg="Disk Mountpoint: /snap/gnome-3-28-1804/198, Total: 0 GB, Used: 0 GB (100.00%), Free: 0 GB"
time="2024-12-14T13:11:55+01:00" level=info msg="Disk Mountpoint: /snap/gnome-3-34-1804/93, Total: 0 GB, Used: 0 GB (100.00%), Free: 0 GB"
time="2024-12-14T13:11:55+01:00" level=info msg="Disk Mountpoint: /snap/gnome-3-38-2004/143, Total: 0 GB, Used: 0 GB (100.00%), Free: 0 GB"
time="2024-12-14T13:11:55+01:00" level=info msg="Disk Mountpoint: /snap/gnome-42-2204/176, Total: 0 GB, Used: 0 GB (100.00%), Free: 0 GB"
time="2024-12-14T13:11:55+01:00" level=info msg="Disk Mountpoint: /snap/godot/45, Total: 0 GB, Used: 0 GB (100.00%), Free: 0 GB"
time="2024-12-14T13:11:55+01:00" level=info msg="Disk Mountpoint: /snap/hello-world/29, Total: 0 GB, Used: 0 GB (100.00%), Free: 0 GB"
time="2024-12-14T13:11:55+01:00" level=info msg="Disk Mountpoint: /snap/gnome-46-2404/48, Total: 0 GB, Used: 0 GB (100.00%), Free: 0 GB"
time="2024-12-14T13:11:55+01:00" level=info msg="Disk Mountpoint: /snap/gtk-common-themes/1535, Total: 0 GB, Used: 0 GB (100.00%), Free: 0 GB"
time="2024-12-14T13:11:55+01:00" level=info msg="Disk Mountpoint: /snap/kf5-5-110-qt-5-15-11-core22/3, Total: 0 GB, Used: 0 GB (100.00%), Free: 0 GB"
time="2024-12-14T13:11:55+01:00" level=info msg="Disk Mountpoint: /snap/kf5-5-113-qt-5-15-11-core22/1, Total: 0 GB, Used: 0 GB (100.00%), Free: 0 GB"
time="2024-12-14T13:11:55+01:00" level=info msg="Disk Mountpoint: /snap/marble/32, Total: 0 GB, Used: 0 GB (100.00%), Free: 0 GB"
time="2024-12-14T13:11:55+01:00" level=info msg="Disk Mountpoint: /snap/master-pdf-editor-5/21, Total: 0 GB, Used: 0 GB (100.00%), Free: 0 GB"
time="2024-12-14T13:11:55+01:00" level=info msg="Disk Mountpoint: /snap/mesa-2404/143, Total: 0 GB, Used: 0 GB (100.00%), Free: 0 GB"
time="2024-12-14T13:11:55+01:00" level=info msg="Disk Mountpoint: /snap/master-pdf-editor-5/20, Total: 0 GB, Used: 0 GB (100.00%), Free: 0 GB"
time="2024-12-14T13:11:55+01:00" level=info msg="Disk Mountpoint: /snap/mesa-core22/311, Total: 0 GB, Used: 0 GB (100.00%), Free: 0 GB"
time="2024-12-14T13:11:55+01:00" level=info msg="Disk Mountpoint: /snap/mkcron/2, Total: 0 GB, Used: 0 GB (100.00%), Free: 0 GB"
time="2024-12-14T13:11:55+01:00" level=info msg="Disk Mountpoint: /snap/micropolis/168, Total: 0 GB, Used: 0 GB (100.00%), Free: 0 GB"
time="2024-12-14T13:11:55+01:00" level=info msg="Disk Mountpoint: /snap/obs-studio/1302, Total: 0 GB, Used: 0 GB (100.00%), Free: 0 GB"
time="2024-12-14T13:11:55+01:00" level=info msg="Disk Mountpoint: /snap/qownnotes/11552, Total: 0 GB, Used: 0 GB (100.00%), Free: 0 GB"
time="2024-12-14T13:11:55+01:00" level=info msg="Disk Mountpoint: /snap/qownnotes/11560, Total: 0 GB, Used: 0 GB (100.00%), Free: 0 GB"
time="2024-12-14T13:11:55+01:00" level=info msg="Disk Mountpoint: /snap/qt513/24, Total: 0 GB, Used: 0 GB (100.00%), Free: 0 GB"
time="2024-12-14T13:11:55+01:00" level=info msg="Disk Mountpoint: /snap/snap-store/1244, Total: 0 GB, Used: 0 GB (100.00%), Free: 0 GB"
time="2024-12-14T13:11:55+01:00" level=info msg="Disk Mountpoint: /snap/retroarch/2879, Total: 0 GB, Used: 0 GB (100.00%), Free: 0 GB"
time="2024-12-14T13:11:55+01:00" level=info msg="Disk Mountpoint: /snap/remmina/6419, Total: 0 GB, Used: 0 GB (100.00%), Free: 0 GB"
time="2024-12-14T13:11:55+01:00" level=info msg="Disk Mountpoint: /snap/snapd/21759, Total: 0 GB, Used: 0 GB (100.00%), Free: 0 GB"
time="2024-12-14T13:11:55+01:00" level=info msg="Disk Mountpoint: /snap/snap-store/1247, Total: 0 GB, Used: 0 GB (100.00%), Free: 0 GB"
time="2024-12-14T13:11:55+01:00" level=info msg="Disk Mountpoint: /snap/snapd/23258, Total: 0 GB, Used: 0 GB (100.00%), Free: 0 GB"
time="2024-12-14T13:11:55+01:00" level=info msg="Disk Mountpoint: /snap/snapd-desktop-integration/247, Total: 0 GB, Used: 0 GB (100.00%), Free: 0 GB"
time="2024-12-14T13:11:55+01:00" level=info msg="Disk Mountpoint: /snap/steam/200, Total: 0 GB, Used: 0 GB (100.00%), Free: 0 GB"
time="2024-12-14T13:11:55+01:00" level=info msg="Disk Mountpoint: /snap/snapd-desktop-integration/253, Total: 0 GB, Used: 0 GB (100.00%), Free: 0 GB"
time="2024-12-14T13:11:55+01:00" level=info msg="Disk Mountpoint: /snap/sublime-text/156, Total: 0 GB, Used: 0 GB (100.00%), Free: 0 GB"
time="2024-12-14T13:11:55+01:00" level=info msg="Disk Mountpoint: /snap/steam/206, Total: 0 GB, Used: 0 GB (100.00%), Free: 0 GB"
time="2024-12-14T13:11:55+01:00" level=info msg="Disk Mountpoint: /snap/suckit/49, Total: 0 GB, Used: 0 GB (100.00%), Free: 0 GB"
time="2024-12-14T13:11:55+01:00" level=info msg="Disk Mountpoint: /snap/teleguard-desktop/91, Total: 0 GB, Used: 0 GB (100.00%), Free: 0 GB"
time="2024-12-14T13:11:55+01:00" level=info msg="Disk Mountpoint: /snap/thunderbird/593, Total: 0 GB, Used: 0 GB (100.00%), Free: 0 GB"
time="2024-12-14T13:11:55+01:00" level=info msg="Disk Mountpoint: /snap/teleguard-desktop/94, Total: 0 GB, Used: 0 GB (100.00%), Free: 0 GB"
time="2024-12-14T13:11:55+01:00" level=info msg="Disk Mountpoint: /snap/sublime-text/177, Total: 0 GB, Used: 0 GB (100.00%), Free: 0 GB"
time="2024-12-14T13:11:55+01:00" level=info msg="Disk Mountpoint: /snap/thunderbird/585, Total: 0 GB, Used: 0 GB (100.00%), Free: 0 GB"
time="2024-12-14T13:11:55+01:00" level=info msg="Disk Mountpoint: /snap/winbox/171, Total: 0 GB, Used: 0 GB (100.00%), Free: 0 GB"
time="2024-12-14T13:11:55+01:00" level=info msg="Disk Mountpoint: /var/snap/firefox/common/host-hunspell, Total: 465 GB, Used: 381 GB (86.31%), Free: 60 GB"
time="2024-12-14T13:11:55+01:00" level=info msg="Disk Mountpoint: /snap/wine-platform-runtime-core20/147, Total: 0 GB, Used: 0 GB (100.00%), Free: 0 GB"
time="2024-12-14T13:11:55+01:00" level=info msg="Disk Mountpoint: /snap/video-downloader/1221, Total: 0 GB, Used: 0 GB (100.00%), Free: 0 GB"
time="2024-12-14T13:11:55+01:00" level=info msg="Disk Mountpoint: /snap/winbox/170, Total: 0 GB, Used: 0 GB (100.00%), Free: 0 GB"
time="2024-12-14T13:11:55+01:00" level=info msg="Disk Mountpoint: /snap/wine-platform-runtime-core20/148, Total: 0 GB, Used: 0 GB (100.00%), Free: 0 GB"
time="2024-12-14T13:11:55+01:00" level=info msg="Disk Mountpoint: /snap/wine-platform-7-stable-core20/6, Total: 0 GB, Used: 0 GB (100.00%), Free: 0 GB"
time="2024-12-14T13:11:55+01:00" level=info msg="Disk Mountpoint: /snap/video-downloader/1224, Total: 0 GB, Used: 0 GB (100.00%), Free: 0 GB"
time="2024-12-14T13:11:55+01:00" level=info msg="Disk Mountpoint: /boot, Total: 1 GB, Used: 0 GB (10.51%), Free: 1 GB"
time="2024-12-14T13:11:55+01:00" level=info msg="Disk Mountpoint: /boot/efi, Total: 1 GB, Used: 0 GB (2.64%), Free: 1 GB"
time="2024-12-14T13:11:55+01:00" level=info msg="Disk Mountpoint: /media/renz/external, Total: 116 GB, Used: 32 GB (28.94%), Free: 78 GB"
time="2024-12-14T13:11:55+01:00" level=info msg="Hostname: xps7390"
time="2024-12-14T13:11:55+01:00" level=info msg="Uptime: 29235 seconds"
time="2024-12-14T13:11:55+01:00" level=info msg="Kernel Version: 6.8.0-50-generic"
time="2024-12-14T13:11:55+01:00" level=info msg="Starting server on :8080"
time="2024-12-14T13:12:02+01:00" level=info msg="Received signal interrupt. Initiating graceful shutdown..."
time="2024-12-14T13:12:02+01:00" level=info msg="Server gracefully stopped"
time="2024-12-14T13:19:01+01:00" level=info msg="========================================"
time="2024-12-14T13:19:01+01:00" level=info msg="       HMAC File Server Information      "
time="2024-12-14T13:19:01+01:00" level=info msg="========================================"
time="2024-12-14T13:19:01+01:00" level=info msg="Operating System: linux"
time="2024-12-14T13:19:01+01:00" level=info msg="Architecture: amd64"
time="2024-12-14T13:19:01+01:00" level=info msg="Number of CPUs: 8"
time="2024-12-14T13:19:01+01:00" level=info msg="Go Version: go1.22.0"
time="2024-12-14T13:19:01+01:00" level=info msg="Total Memory: 15684 MB"
time="2024-12-14T13:19:01+01:00" level=info msg="Used Memory: 7030 MB (24.01%)"
time="2024-12-14T13:19:01+01:00" level=info msg="CPU Model: Intel(R) Core(TM) i7-10510U CPU @ 1.80GHz"
time="2024-12-14T13:19:01+01:00" level=info msg="CPU Cores: 8"
time="2024-12-14T13:19:01+01:00" level=info msg="Disk Mountpoint: /, Total: 465 GB, Used: 381 GB (86.31%), Free: 60 GB"
time="2024-12-14T13:19:01+01:00" level=info msg="Disk Mountpoint: /snap/backupz/6, Total: 0 GB, Used: 0 GB (100.00%), Free: 0 GB"
time="2024-12-14T13:19:01+01:00" level=info msg="Disk Mountpoint: /snap/brave/460, Total: 0 GB, Used: 0 GB (100.00%), Free: 0 GB"
time="2024-12-14T13:19:01+01:00" level=info msg="Disk Mountpoint: /snap/bare/5, Total: 0 GB, Used: 0 GB (100.00%), Free: 0 GB"
time="2024-12-14T13:19:01+01:00" level=info msg="Disk Mountpoint: /snap/brave/462, Total: 0 GB, Used: 0 GB (100.00%), Free: 0 GB"
time="2024-12-14T13:19:01+01:00" level=info msg="Disk Mountpoint: /snap/cameractrls/35, Total: 0 GB, Used: 0 GB (100.00%), Free: 0 GB"
time="2024-12-14T13:19:01+01:00" level=info msg="Disk Mountpoint: /snap/cameractrls/34, Total: 0 GB, Used: 0 GB (100.00%), Free: 0 GB"
time="2024-12-14T13:19:01+01:00" level=info msg="Disk Mountpoint: /snap/canonical-livepatch/282, Total: 0 GB, Used: 0 GB (100.00%), Free: 0 GB"
time="2024-12-14T13:19:01+01:00" level=info msg="Disk Mountpoint: /snap/canonical-livepatch/286, Total: 0 GB, Used: 0 GB (100.00%), Free: 0 GB"
time="2024-12-14T13:19:01+01:00" level=info msg="Disk Mountpoint: /snap/cmake/1429, Total: 0 GB, Used: 0 GB (100.00%), Free: 0 GB"
time="2024-12-14T13:19:01+01:00" level=info msg="Disk Mountpoint: /snap/cmake/1433, Total: 0 GB, Used: 0 GB (100.00%), Free: 0 GB"
time="2024-12-14T13:19:01+01:00" level=info msg="Disk Mountpoint: /snap/core18/2829, Total: 0 GB, Used: 0 GB (100.00%), Free: 0 GB"
time="2024-12-14T13:19:01+01:00" level=info msg="Disk Mountpoint: /snap/core/17200, Total: 0 GB, Used: 0 GB (100.00%), Free: 0 GB"
time="2024-12-14T13:19:01+01:00" level=info msg="Disk Mountpoint: /snap/core18/2846, Total: 0 GB, Used: 0 GB (100.00%), Free: 0 GB"
time="2024-12-14T13:19:01+01:00" level=info msg="Disk Mountpoint: /snap/core20/2434, Total: 0 GB, Used: 0 GB (100.00%), Free: 0 GB"
time="2024-12-14T13:19:01+01:00" level=info msg="Disk Mountpoint: /snap/core20/2379, Total: 0 GB, Used: 0 GB (100.00%), Free: 0 GB"
time="2024-12-14T13:19:01+01:00" level=info msg="Disk Mountpoint: /snap/core22/1722, Total: 0 GB, Used: 0 GB (100.00%), Free: 0 GB"
time="2024-12-14T13:19:01+01:00" level=info msg="Disk Mountpoint: /snap/core24/490, Total: 0 GB, Used: 0 GB (100.00%), Free: 0 GB"
time="2024-12-14T13:19:01+01:00" level=info msg="Disk Mountpoint: /snap/core24/609, Total: 0 GB, Used: 0 GB (100.00%), Free: 0 GB"
time="2024-12-14T13:19:01+01:00" level=info msg="Disk Mountpoint: /snap/core22/1663, Total: 0 GB, Used: 0 GB (100.00%), Free: 0 GB"
time="2024-12-14T13:19:01+01:00" level=info msg="Disk Mountpoint: /snap/drawio/228, Total: 0 GB, Used: 0 GB (100.00%), Free: 0 GB"
time="2024-12-14T13:19:01+01:00" level=info msg="Disk Mountpoint: /snap/drawio/230, Total: 0 GB, Used: 0 GB (100.00%), Free: 0 GB"
time="2024-12-14T13:19:01+01:00" level=info msg="Disk Mountpoint: /snap/dynahack/32, Total: 0 GB, Used: 0 GB (100.00%), Free: 0 GB"
time="2024-12-14T13:19:01+01:00" level=info msg="Disk Mountpoint: /snap/duplicity/517, Total: 0 GB, Used: 0 GB (100.00%), Free: 0 GB"
time="2024-12-14T13:19:01+01:00" level=info msg="Disk Mountpoint: /snap/firefox/5361, Total: 0 GB, Used: 0 GB (100.00%), Free: 0 GB"
time="2024-12-14T13:19:01+01:00" level=info msg="Disk Mountpoint: /snap/duplicity/513, Total: 0 GB, Used: 0 GB (100.00%), Free: 0 GB"
time="2024-12-14T13:19:01+01:00" level=info msg="Disk Mountpoint: /snap/firefox/5437, Total: 0 GB, Used: 0 GB (100.00%), Free: 0 GB"
time="2024-12-14T13:19:01+01:00" level=info msg="Disk Mountpoint: /snap/firmware-updater/127, Total: 0 GB, Used: 0 GB (100.00%), Free: 0 GB"
time="2024-12-14T13:19:01+01:00" level=info msg="Disk Mountpoint: /snap/firmware-updater/147, Total: 0 GB, Used: 0 GB (100.00%), Free: 0 GB"
time="2024-12-14T13:19:01+01:00" level=info msg="Disk Mountpoint: /snap/gaming-graphics-core22/166, Total: 0 GB, Used: 0 GB (100.00%), Free: 0 GB"
time="2024-12-14T13:19:01+01:00" level=info msg="Disk Mountpoint: /snap/gaming-graphics-core22/184, Total: 0 GB, Used: 0 GB (100.00%), Free: 0 GB"
time="2024-12-14T13:19:01+01:00" level=info msg="Disk Mountpoint: /snap/gnome-3-28-1804/198, Total: 0 GB, Used: 0 GB (100.00%), Free: 0 GB"
time="2024-12-14T13:19:01+01:00" level=info msg="Disk Mountpoint: /snap/gnome-3-34-1804/93, Total: 0 GB, Used: 0 GB (100.00%), Free: 0 GB"
time="2024-12-14T13:19:01+01:00" level=info msg="Disk Mountpoint: /snap/gnome-3-38-2004/143, Total: 0 GB, Used: 0 GB (100.00%), Free: 0 GB"
time="2024-12-14T13:19:01+01:00" level=info msg="Disk Mountpoint: /snap/gnome-42-2204/176, Total: 0 GB, Used: 0 GB (100.00%), Free: 0 GB"
time="2024-12-14T13:19:01+01:00" level=info msg="Disk Mountpoint: /snap/godot/45, Total: 0 GB, Used: 0 GB (100.00%), Free: 0 GB"
time="2024-12-14T13:19:01+01:00" level=info msg="Disk Mountpoint: /snap/hello-world/29, Total: 0 GB, Used: 0 GB (100.00%), Free: 0 GB"
time="2024-12-14T13:19:01+01:00" level=info msg="Disk Mountpoint: /snap/gnome-46-2404/48, Total: 0 GB, Used: 0 GB (100.00%), Free: 0 GB"
time="2024-12-14T13:19:01+01:00" level=info msg="Disk Mountpoint: /snap/gtk-common-themes/1535, Total: 0 GB, Used: 0 GB (100.00%), Free: 0 GB"
time="2024-12-14T13:19:01+01:00" level=info msg="Disk Mountpoint: /snap/kf5-5-110-qt-5-15-11-core22/3, Total: 0 GB, Used: 0 GB (100.00%), Free: 0 GB"
time="2024-12-14T13:19:01+01:00" level=info msg="Disk Mountpoint: /snap/kf5-5-113-qt-5-15-11-core22/1, Total: 0 GB, Used: 0 GB (100.00%), Free: 0 GB"
time="2024-12-14T13:19:01+01:00" level=info msg="Disk Mountpoint: /snap/marble/32, Total: 0 GB, Used: 0 GB (100.00%), Free: 0 GB"
time="2024-12-14T13:19:01+01:00" level=info msg="Disk Mountpoint: /snap/master-pdf-editor-5/21, Total: 0 GB, Used: 0 GB (100.00%), Free: 0 GB"
time="2024-12-14T13:19:01+01:00" level=info msg="Disk Mountpoint: /snap/mesa-2404/143, Total: 0 GB, Used: 0 GB (100.00%), Free: 0 GB"
time="2024-12-14T13:19:01+01:00" level=info msg="Disk Mountpoint: /snap/master-pdf-editor-5/20, Total: 0 GB, Used: 0 GB (100.00%), Free: 0 GB"
time="2024-12-14T13:19:01+01:00" level=info msg="Disk Mountpoint: /snap/mesa-core22/311, Total: 0 GB, Used: 0 GB (100.00%), Free: 0 GB"
time="2024-12-14T13:19:01+01:00" level=info msg="Disk Mountpoint: /snap/mkcron/2, Total: 0 GB, Used: 0 GB (100.00%), Free: 0 GB"
time="2024-12-14T13:19:01+01:00" level=info msg="Disk Mountpoint: /snap/micropolis/168, Total: 0 GB, Used: 0 GB (100.00%), Free: 0 GB"
time="2024-12-14T13:19:01+01:00" level=info msg="Disk Mountpoint: /snap/obs-studio/1302, Total: 0 GB, Used: 0 GB (100.00%), Free: 0 GB"
time="2024-12-14T13:19:01+01:00" level=info msg="Disk Mountpoint: /snap/qownnotes/11552, Total: 0 GB, Used: 0 GB (100.00%), Free: 0 GB"
time="2024-12-14T13:19:01+01:00" level=info msg="Disk Mountpoint: /snap/qownnotes/11560, Total: 0 GB, Used: 0 GB (100.00%), Free: 0 GB"
time="2024-12-14T13:19:01+01:00" level=info msg="Disk Mountpoint: /snap/qt513/24, Total: 0 GB, Used: 0 GB (100.00%), Free: 0 GB"
time="2024-12-14T13:19:01+01:00" level=info msg="Disk Mountpoint: /snap/snap-store/1244, Total: 0 GB, Used: 0 GB (100.00%), Free: 0 GB"
time="2024-12-14T13:19:01+01:00" level=info msg="Disk Mountpoint: /snap/retroarch/2879, Total: 0 GB, Used: 0 GB (100.00%), Free: 0 GB"
time="2024-12-14T13:19:01+01:00" level=info msg="Disk Mountpoint: /snap/remmina/6419, Total: 0 GB, Used: 0 GB (100.00%), Free: 0 GB"
time="2024-12-14T13:19:01+01:00" level=info msg="Disk Mountpoint: /snap/snapd/21759, Total: 0 GB, Used: 0 GB (100.00%), Free: 0 GB"
time="2024-12-14T13:19:01+01:00" level=info msg="Disk Mountpoint: /snap/snap-store/1247, Total: 0 GB, Used: 0 GB (100.00%), Free: 0 GB"
time="2024-12-14T13:19:01+01:00" level=info msg="Disk Mountpoint: /snap/snapd/23258, Total: 0 GB, Used: 0 GB (100.00%), Free: 0 GB"
time="2024-12-14T13:19:01+01:00" level=info msg="Disk Mountpoint: /snap/snapd-desktop-integration/247, Total: 0 GB, Used: 0 GB (100.00%), Free: 0 GB"
time="2024-12-14T13:19:01+01:00" level=info msg="Disk Mountpoint: /snap/steam/200, Total: 0 GB, Used: 0 GB (100.00%), Free: 0 GB"
time="2024-12-14T13:19:01+01:00" level=info msg="Disk Mountpoint: /snap/snapd-desktop-integration/253, Total: 0 GB, Used: 0 GB (100.00%), Free: 0 GB"
time="2024-12-14T13:19:01+01:00" level=info msg="Disk Mountpoint: /snap/sublime-text/156, Total: 0 GB, Used: 0 GB (100.00%), Free: 0 GB"
time="2024-12-14T13:19:01+01:00" level=info msg="Disk Mountpoint: /snap/steam/206, Total: 0 GB, Used: 0 GB (100.00%), Free: 0 GB"
time="2024-12-14T13:19:01+01:00" level=info msg="Disk Mountpoint: /snap/suckit/49, Total: 0 GB, Used: 0 GB (100.00%), Free: 0 GB"
time="2024-12-14T13:19:01+01:00" level=info msg="Disk Mountpoint: /snap/teleguard-desktop/91, Total: 0 GB, Used: 0 GB (100.00%), Free: 0 GB"
time="2024-12-14T13:19:01+01:00" level=info msg="Disk Mountpoint: /snap/thunderbird/593, Total: 0 GB, Used: 0 GB (100.00%), Free: 0 GB"
time="2024-12-14T13:19:01+01:00" level=info msg="Disk Mountpoint: /snap/teleguard-desktop/94, Total: 0 GB, Used: 0 GB (100.00%), Free: 0 GB"
time="2024-12-14T13:19:01+01:00" level=info msg="Disk Mountpoint: /snap/sublime-text/177, Total: 0 GB, Used: 0 GB (100.00%), Free: 0 GB"
time="2024-12-14T13:19:01+01:00" level=info msg="Disk Mountpoint: /snap/thunderbird/585, Total: 0 GB, Used: 0 GB (100.00%), Free: 0 GB"
time="2024-12-14T13:19:01+01:00" level=info msg="Disk Mountpoint: /snap/winbox/171, Total: 0 GB, Used: 0 GB (100.00%), Free: 0 GB"
time="2024-12-14T13:19:01+01:00" level=info msg="Disk Mountpoint: /var/snap/firefox/common/host-hunspell, Total: 465 GB, Used: 381 GB (86.31%), Free: 60 GB"
time="2024-12-14T13:19:01+01:00" level=info msg="Disk Mountpoint: /snap/wine-platform-runtime-core20/147, Total: 0 GB, Used: 0 GB (100.00%), Free: 0 GB"
time="2024-12-14T13:19:01+01:00" level=info msg="Disk Mountpoint: /snap/video-downloader/1221, Total: 0 GB, Used: 0 GB (100.00%), Free: 0 GB"
time="2024-12-14T13:19:01+01:00" level=info msg="Disk Mountpoint: /snap/winbox/170, Total: 0 GB, Used: 0 GB (100.00%), Free: 0 GB"
time="2024-12-14T13:19:01+01:00" level=info msg="Disk Mountpoint: /snap/wine-platform-runtime-core20/148, Total: 0 GB, Used: 0 GB (100.00%), Free: 0 GB"
time="2024-12-14T13:19:01+01:00" level=info msg="Disk Mountpoint: /snap/wine-platform-7-stable-core20/6, Total: 0 GB, Used: 0 GB (100.00%), Free: 0 GB"
time="2024-12-14T13:19:01+01:00" level=info msg="Disk Mountpoint: /snap/video-downloader/1224, Total: 0 GB, Used: 0 GB (100.00%), Free: 0 GB"
time="2024-12-14T13:19:01+01:00" level=info msg="Disk Mountpoint: /boot, Total: 1 GB, Used: 0 GB (10.51%), Free: 1 GB"
time="2024-12-14T13:19:01+01:00" level=info msg="Disk Mountpoint: /boot/efi, Total: 1 GB, Used: 0 GB (2.64%), Free: 1 GB"
time="2024-12-14T13:19:01+01:00" level=info msg="Disk Mountpoint: /media/renz/external, Total: 116 GB, Used: 32 GB (28.94%), Free: 78 GB"
time="2024-12-14T13:19:01+01:00" level=info msg="Hostname: xps7390"
time="2024-12-14T13:19:01+01:00" level=info msg="Uptime: 29660 seconds"
time="2024-12-14T13:19:01+01:00" level=info msg="Kernel Version: 6.8.0-50-generic"
time="2024-12-14T13:19:01+01:00" level=info msg="Worker started."
time="2024-12-14T13:19:01+01:00" level=info msg="Starting server on :8080"
time="2024-12-14T13:19:11+01:00" level=info msg="Worker is performing its task..."
time="2024-12-14T13:19:21+01:00" level=info msg="Worker is performing its task..."
time="2024-12-14T13:19:31+01:00" level=info msg="Worker is performing its task..."
time="2024-12-14T13:19:36+01:00" level=info msg="Received signal interrupt. Initiating graceful shutdown..."
time="2024-12-14T13:19:36+01:00" level=info msg="Received signal: interrupt. Initiating shutdown..."
time="2024-12-14T13:19:36+01:00" level=info msg="Worker received shutdown signal. Exiting..."
time="2024-12-14T13:19:36+01:00" level=info msg="Server gracefully stopped"
time="2024-12-14T13:19:36+01:00" level=info msg="Application shutdown complete."
